
> build-storybook
> storybook build --output-dir=/var/folders/7s/ltpyn4zj3t5d2ccsc2v6_ds00000gp/T/chromatic--90244-m0ouGCJKvn7d

[1mstorybook v9.1.6
[22m
info => Cleaning outputDir: [36m../../../../var/folders/7s/ltpyn4zj3t5d2ccsc2v6_ds00000gp/T/chromatic--90244-m0ouGCJKvn7d[39m
info => Loading presets
info => Building manager..
info => Building preview..
[36mvite v7.1.5 [32mbuilding for production...[36m[39m
transforming...
[32m✓[39m 1940 modules transformed.
rendering chunks...
computing gzip size...
[2m../../../../var/folders/7s/ltpyn4zj3t5d2ccsc2v6_ds00000gp/T/chromatic--90244-m0ouGCJKvn7d/[22m[32miframe.html                                       [39m[1m[2m   18.66 kB[22m[1m[22m[2m │ gzip:   5.28 kB[22m
[2m../../../../var/folders/7s/ltpyn4zj3t5d2ccsc2v6_ds00000gp/T/chromatic--90244-m0ouGCJKvn7d/[22m[2massets/[22m[35miframe-BqUjwgUV.css                        [39m[1m[2m   31.31 kB[22m[1m[22m[2m │ gzip:   5.70 kB[22m
[2m../../../../var/folders/7s/ltpyn4zj3t5d2ccsc2v6_ds00000gp/T/chromatic--90244-m0ouGCJKvn7d/[22m[2massets/[22m[36mreact-16-DHI5uv1D.js                       [39m[1m[2m    0.25 kB[22m[1m[22m[2m │ gzip:   0.20 kB[22m
[2m../../../../var/folders/7s/ltpyn4zj3t5d2ccsc2v6_ds00000gp/T/chromatic--90244-m0ouGCJKvn7d/[22m[2massets/[22m[36m_tslib-DuJ3q6Qq.js                         [39m[1m[2m    0.35 kB[22m[1m[22m[2m │ gzip:   0.23 kB[22m
[2m../../../../var/folders/7s/ltpyn4zj3t5d2ccsc2v6_ds00000gp/T/chromatic--90244-m0ouGCJKvn7d/[22m[2massets/[22m[36mpreload-helper-D9Z9MdNV.js                 [39m[1m[2m    1.23 kB[22m[1m[22m[2m │ gzip:   0.72 kB[22m
[2m../../../../var/folders/7s/ltpyn4zj3t5d2ccsc2v6_ds00000gp/T/chromatic--90244-m0ouGCJKvn7d/[22m[2massets/[22m[36m02-Button.stories-B9Shey6D.js              [39m[1m[2m    1.42 kB[22m[1m[22m[2m │ gzip:   0.52 kB[22m
[2m../../../../var/folders/7s/ltpyn4zj3t5d2ccsc2v6_ds00000gp/T/chromatic--90244-m0ouGCJKvn7d/[22m[2massets/[22m[36m01-Avatar.stories-l9xtfvt3.js              [39m[1m[2m    1.95 kB[22m[1m[22m[2m │ gzip:   0.67 kB[22m
[2m../../../../var/folders/7s/ltpyn4zj3t5d2ccsc2v6_ds00000gp/T/chromatic--90244-m0ouGCJKvn7d/[22m[2massets/[22m[36m07-InteractiveButton.stories-DlDdgZeC.js   [39m[1m[2m    2.12 kB[22m[1m[22m[2m │ gzip:   0.79 kB[22m
[2m../../../../var/folders/7s/ltpyn4zj3t5d2ccsc2v6_ds00000gp/T/chromatic--90244-m0ouGCJKvn7d/[22m[2massets/[22m[36m05-Dropdown.stories-CagWuw__.js            [39m[1m[2m    2.57 kB[22m[1m[22m[2m │ gzip:   0.85 kB[22m
[2m../../../../var/folders/7s/ltpyn4zj3t5d2ccsc2v6_ds00000gp/T/chromatic--90244-m0ouGCJKvn7d/[22m[2massets/[22m[36mIconButton-BPlBl0jj.js                     [39m[1m[2m    3.94 kB[22m[1m[22m[2m │ gzip:   1.81 kB[22m
[2m../../../../var/folders/7s/ltpyn4zj3t5d2ccsc2v6_ds00000gp/T/chromatic--90244-m0ouGCJKvn7d/[22m[2massets/[22m[36mHeading-DX0HChoh.js                        [39m[1m[2m    4.15 kB[22m[1m[22m[2m │ gzip:   1.13 kB[22m
[2m../../../../var/folders/7s/ltpyn4zj3t5d2ccsc2v6_ds00000gp/T/chromatic--90244-m0ouGCJKvn7d/[22m[2massets/[22m[36m03-ButtonGroup.stories-B_S5kZvd.js         [39m[1m[2m    6.47 kB[22m[1m[22m[2m │ gzip:   1.45 kB[22m
[2m../../../../var/folders/7s/ltpyn4zj3t5d2ccsc2v6_ds00000gp/T/chromatic--90244-m0ouGCJKvn7d/[22m[2massets/[22m[36m01-Changelog.stories-wJQK6xRS.js           [39m[1m[2m    7.32 kB[22m[1m[22m[2m │ gzip:   1.94 kB[22m
[2m../../../../var/folders/7s/ltpyn4zj3t5d2ccsc2v6_ds00000gp/T/chromatic--90244-m0ouGCJKvn7d/[22m[2massets/[22m[36mText-q73wKc0_.js                           [39m[1m[2m    8.59 kB[22m[1m[22m[2m │ gzip:   3.28 kB[22m
[2m../../../../var/folders/7s/ltpyn4zj3t5d2ccsc2v6_ds00000gp/T/chromatic--90244-m0ouGCJKvn7d/[22m[2massets/[22m[36m04-Checkbox.stories-BOlkgDr8.js            [39m[1m[2m   10.14 kB[22m[1m[22m[2m │ gzip:   3.21 kB[22m
[2m../../../../var/folders/7s/ltpyn4zj3t5d2ccsc2v6_ds00000gp/T/chromatic--90244-m0ouGCJKvn7d/[22m[2massets/[22m[36m08-OnboardingFlowDocs.stories-85aclNd4.js  [39m[1m[2m   10.82 kB[22m[1m[22m[2m │ gzip:   2.60 kB[22m
[2m../../../../var/folders/7s/ltpyn4zj3t5d2ccsc2v6_ds00000gp/T/chromatic--90244-m0ouGCJKvn7d/[22m[2massets/[22m[36mAvatar-DHtAUXPm.js                         [39m[1m[2m   17.99 kB[22m[1m[22m[2m │ gzip:   5.21 kB[22m
[2m../../../../var/folders/7s/ltpyn4zj3t5d2ccsc2v6_ds00000gp/T/chromatic--90244-m0ouGCJKvn7d/[22m[36mvite-inject-mocker-entry.js                       [39m[1m[2m   28.76 kB[22m[1m[22m[2m │ gzip:   9.95 kB[22m
[2m../../../../var/folders/7s/ltpyn4zj3t5d2ccsc2v6_ds00000gp/T/chromatic--90244-m0ouGCJKvn7d/[22m[2massets/[22m[36mmatchers-7Z3WT2CE-CcSi9QFY.js              [39m[1m[2m   29.66 kB[22m[1m[22m[2m │ gzip:  10.23 kB[22m
[2m../../../../var/folders/7s/ltpyn4zj3t5d2ccsc2v6_ds00000gp/T/chromatic--90244-m0ouGCJKvn7d/[22m[2massets/[22m[36mButton-C5ODpr9g.js                         [39m[1m[2m   35.85 kB[22m[1m[22m[2m │ gzip:   6.27 kB[22m
[2m../../../../var/folders/7s/ltpyn4zj3t5d2ccsc2v6_ds00000gp/T/chromatic--90244-m0ouGCJKvn7d/[22m[2massets/[22m[36mfunction-utils-C45ZpVuR.js                 [39m[1m[2m   38.67 kB[22m[1m[22m[2m │ gzip:  14.14 kB[22m
[2m../../../../var/folders/7s/ltpyn4zj3t5d2ccsc2v6_ds00000gp/T/chromatic--90244-m0ouGCJKvn7d/[22m[2massets/[22m[36m09-OnboardingFlow.stories-B14_Sa_G.js      [39m[1m[2m   57.18 kB[22m[1m[22m[2m │ gzip:  14.73 kB[22m
[2m../../../../var/folders/7s/ltpyn4zj3t5d2ccsc2v6_ds00000gp/T/chromatic--90244-m0ouGCJKvn7d/[22m[2massets/[22m[36mTooltip-BkGXode3.js                        [39m[1m[2m   69.86 kB[22m[1m[22m[2m │ gzip:  20.80 kB[22m
[2m../../../../var/folders/7s/ltpyn4zj3t5d2ccsc2v6_ds00000gp/T/chromatic--90244-m0ouGCJKvn7d/[22m[2massets/[22m[36mmain-Celf_u6B.js                           [39m[1m[2m  104.85 kB[22m[1m[22m[2m │ gzip:  32.47 kB[22m
[2m../../../../var/folders/7s/ltpyn4zj3t5d2ccsc2v6_ds00000gp/T/chromatic--90244-m0ouGCJKvn7d/[22m[2massets/[22m[36mindex-M0niZZkb.js                          [39m[1m[2m  122.92 kB[22m[1m[22m[2m │ gzip:  38.68 kB[22m
[2m../../../../var/folders/7s/ltpyn4zj3t5d2ccsc2v6_ds00000gp/T/chromatic--90244-m0ouGCJKvn7d/[22m[2massets/[22m[36mDropdown-B3ZAgA2e.js                       [39m[1m[2m  206.49 kB[22m[1m[22m[2m │ gzip:  61.46 kB[22m
[2m../../../../var/folders/7s/ltpyn4zj3t5d2ccsc2v6_ds00000gp/T/chromatic--90244-m0ouGCJKvn7d/[22m[2massets/[22m[36m06-Icons.stories-roBLEnCr.js               [39m[1m[2m  400.47 kB[22m[1m[22m[2m │ gzip: 128.01 kB[22m
[2m../../../../var/folders/7s/ltpyn4zj3t5d2ccsc2v6_ds00000gp/T/chromatic--90244-m0ouGCJKvn7d/[22m[2massets/[22m[36maxe-Bv0ZQZ5N.js                            [39m[1m[33m  572.29 kB[39m[22m[2m │ gzip: 157.88 kB[22m
[2m../../../../var/folders/7s/ltpyn4zj3t5d2ccsc2v6_ds00000gp/T/chromatic--90244-m0ouGCJKvn7d/[22m[2massets/[22m[36miframe-43DZsOUJ.js                         [39m[1m[33m1,232.39 kB[39m[22m[2m │ gzip: 339.37 kB[22m
[32m✓ built in 2.96s[39m
info => Output directory: /var/folders/7s/ltpyn4zj3t5d2ccsc2v6_ds00000gp/T/chromatic--90244-m0ouGCJKvn7d
